This file contains any messages produced by compilers while
running configure, to aid debugging if configure makes a mistake.

It was created by rdesktop configure 1.8.3, which was
generated by GNU Autoconf 2.69.  Invocation command line was

  $ ./configure --disable-smartcard

## --------- ##
## Platform. ##
## --------- ##

hostname = Redteam
uname -m = x86_64
uname -r = 4.7.0-kali1-amd64
uname -s = Linux
uname -v = #1 SMP Debian 4.7.5-1kali3 (2016-09-29)

/usr/bin/uname -p = unknown
/bin/uname -X     = unknown

/bin/arch              = unknown
/usr/bin/arch -k       = unknown
/usr/convex/getsysinfo = unknown
/usr/bin/hostinfo      = unknown
/bin/machine           = unknown
/usr/bin/oslevel       = unknown
/bin/universe          = unknown

PATH: /usr/local/sbin
PATH: /usr/local/bin
PATH: /usr/sbin
PATH: /usr/bin
PATH: /sbin
PATH: /bin
PATH: /usr/lib/jvm/java-8-oracle/bin
PATH: /usr/lib/jvm/java-8-oracle/db/bin
PATH: /usr/lib/jvm/java-8-oracle/jre/bin
PATH: /opt/devkitpro/devkitARM/bin/


## ----------- ##
## Core tests. ##
## ----------- ##

configure:2430: checking build system type
configure:2444: result: x86_64-unknown-linux-gnu
configure:2464: checking host system type
configure:2477: result: x86_64-unknown-linux-gnu
configure:2546: checking for gcc
configure:2562: found /usr/bin/gcc
configure:2573: result: gcc
configure:2802: checking for C compiler version
configure:2811: gcc --version >&5
gcc (Debian 7.2.0-18) 7.2.0
Copyright (C) 2017 Free Software Foundation, Inc.
This is free software; see the source for copying conditions.  There is NO
warranty; not even for MERCHANTABILITY or FITNESS FOR A PARTICULAR PURPOSE.

configure:2822: $? = 0
configure:2811: gcc -v >&5
Using built-in specs.
COLLECT_GCC=gcc
COLLECT_LTO_WRAPPER=/usr/lib/gcc/x86_64-linux-gnu/7/lto-wrapper
OFFLOAD_TARGET_NAMES=nvptx-none
OFFLOAD_TARGET_DEFAULT=1
Target: x86_64-linux-gnu
Configured with: ../src/configure -v --with-pkgversion='Debian 7.2.0-18' --with-bugurl=file:///usr/share/doc/gcc-7/README.Bugs --enable-languages=c,ada,c++,go,brig,d,fortran,objc,obj-c++ --prefix=/usr --with-gcc-major-version-only --program-suffix=-7 --program-prefix=x86_64-linux-gnu- --enable-shared --enable-linker-build-id --libexecdir=/usr/lib --without-included-gettext --enable-threads=posix --libdir=/usr/lib --enable-nls --with-sysroot=/ --enable-clocale=gnu --enable-libstdcxx-debug --enable-libstdcxx-time=yes --with-default-libstdcxx-abi=new --enable-gnu-unique-object --disable-vtable-verify --enable-libmpx --enable-plugin --enable-default-pie --with-system-zlib --with-target-system-zlib --enable-objc-gc=auto --enable-multiarch --disable-werror --with-arch-32=i686 --with-abi=m64 --with-multilib-list=m32,m64,mx32 --enable-multilib --with-tune=generic --enable-offload-targets=nvptx-none --without-cuda-driver --enable-checking=release --build=x86_64-linux-gnu --host=x86_64-linux-gnu --target=x86_64-linux-gnu
Thread model: posix
gcc version 7.2.0 (Debian 7.2.0-18) 
configure:2822: $? = 0
configure:2811: gcc -V >&5
gcc: error: unrecognized command line option '-V'
gcc: fatal error: no input files
compilation terminated.
configure:2822: $? = 1
configure:2811: gcc -qversion >&5
gcc: error: unrecognized command line option '-qversion'; did you mean '--version'?
gcc: fatal error: no input files
compilation terminated.
configure:2822: $? = 1
configure:2842: checking whether the C compiler works
configure:2864: gcc    conftest.c  >&5
configure:2868: $? = 0
configure:2916: result: yes
configure:2919: checking for C compiler default output file name
configure:2921: result: a.out
configure:2927: checking for suffix of executables
configure:2934: gcc -o conftest    conftest.c  >&5
configure:2938: $? = 0
configure:2960: result: 
configure:2982: checking whether we are cross compiling
configure:2990: gcc -o conftest    conftest.c  >&5
configure:2994: $? = 0
configure:3001: ./conftest
configure:3005: $? = 0
configure:3020: result: no
configure:3025: checking for suffix of object files
configure:3047: gcc -c   conftest.c >&5
configure:3051: $? = 0
configure:3072: result: o
configure:3076: checking whether we are using the GNU C compiler
configure:3095: gcc -c   conftest.c >&5
configure:3095: $? = 0
configure:3104: result: yes
configure:3113: checking whether gcc accepts -g
configure:3133: gcc -c -g  conftest.c >&5
configure:3133: $? = 0
configure:3174: result: yes
configure:3191: checking for gcc option to accept ISO C89
configure:3254: gcc  -c -g -O2  conftest.c >&5
configure:3254: $? = 0
configure:3267: result: none needed
configure:3305: checking for a BSD-compatible install
configure:3373: result: /usr/bin/install -c
configure:3396: checking how to run the C preprocessor
configure:3427: gcc -E  conftest.c
configure:3427: $? = 0
configure:3441: gcc -E  conftest.c
conftest.c:9:10: fatal error: ac_nonexistent.h: No such file or directory
 #include <ac_nonexistent.h>
          ^~~~~~~~~~~~~~~~~~
compilation terminated.
configure:3441: $? = 1
configure: failed program was:
| /* confdefs.h */
| #define PACKAGE_NAME "rdesktop"
| #define PACKAGE_TARNAME "rdesktop"
| #define PACKAGE_VERSION "1.8.3"
| #define PACKAGE_STRING "rdesktop 1.8.3"
| #define PACKAGE_BUGREPORT ""
| #define PACKAGE_URL ""
| /* end confdefs.h.  */
| #include <ac_nonexistent.h>
configure:3466: result: gcc -E
configure:3486: gcc -E  conftest.c
configure:3486: $? = 0
configure:3500: gcc -E  conftest.c
conftest.c:9:10: fatal error: ac_nonexistent.h: No such file or directory
 #include <ac_nonexistent.h>
          ^~~~~~~~~~~~~~~~~~
compilation terminated.
configure:3500: $? = 1
configure: failed program was:
| /* confdefs.h */
| #define PACKAGE_NAME "rdesktop"
| #define PACKAGE_TARNAME "rdesktop"
| #define PACKAGE_VERSION "1.8.3"
| #define PACKAGE_STRING "rdesktop 1.8.3"
| #define PACKAGE_BUGREPORT ""
| #define PACKAGE_URL ""
| /* end confdefs.h.  */
| #include <ac_nonexistent.h>
configure:3529: checking for grep that handles long lines and -e
configure:3587: result: /bin/grep
configure:3592: checking for egrep
configure:3654: result: /bin/grep -E
configure:3659: checking for ANSI C header files
configure:3679: gcc -c -g -O2 -Wall  conftest.c >&5
configure:3679: $? = 0
configure:3752: gcc -o conftest -g -O2 -Wall   conftest.c  >&5
configure:3752: $? = 0
configure:3752: ./conftest
configure:3752: $? = 0
configure:3763: result: yes
configure:3776: checking for sys/types.h
configure:3776: gcc -c -g -O2 -Wall  conftest.c >&5
configure:3776: $? = 0
configure:3776: result: yes
configure:3776: checking for sys/stat.h
configure:3776: gcc -c -g -O2 -Wall  conftest.c >&5
configure:3776: $? = 0
configure:3776: result: yes
configure:3776: checking for stdlib.h
configure:3776: gcc -c -g -O2 -Wall  conftest.c >&5
configure:3776: $? = 0
configure:3776: result: yes
configure:3776: checking for string.h
configure:3776: gcc -c -g -O2 -Wall  conftest.c >&5
configure:3776: $? = 0
configure:3776: result: yes
configure:3776: checking for memory.h
configure:3776: gcc -c -g -O2 -Wall  conftest.c >&5
configure:3776: $? = 0
configure:3776: result: yes
configure:3776: checking for strings.h
configure:3776: gcc -c -g -O2 -Wall  conftest.c >&5
configure:3776: $? = 0
configure:3776: result: yes
configure:3776: checking for inttypes.h
configure:3776: gcc -c -g -O2 -Wall  conftest.c >&5
configure:3776: $? = 0
configure:3776: result: yes
configure:3776: checking for stdint.h
configure:3776: gcc -c -g -O2 -Wall  conftest.c >&5
configure:3776: $? = 0
configure:3776: result: yes
configure:3776: checking for unistd.h
configure:3776: gcc -c -g -O2 -Wall  conftest.c >&5
configure:3776: $? = 0
configure:3776: result: yes
configure:3788: checking whether byte ordering is bigendian
configure:3803: gcc -c -g -O2 -Wall  conftest.c >&5
conftest.c:20:9: error: unknown type name 'not'
         not a universal capable compiler
         ^~~
conftest.c:20:15: error: expected '=', ',', ';', 'asm' or '__attribute__' before 'universal'
         not a universal capable compiler
               ^~~~~~~~~
conftest.c:20:15: error: unknown type name 'universal'
configure:3803: $? = 1
configure: failed program was:
| /* confdefs.h */
| #define PACKAGE_NAME "rdesktop"
| #define PACKAGE_TARNAME "rdesktop"
| #define PACKAGE_VERSION "1.8.3"
| #define PACKAGE_STRING "rdesktop 1.8.3"
| #define PACKAGE_BUGREPORT ""
| #define PACKAGE_URL ""
| #define STDC_HEADERS 1
| #define HAVE_SYS_TYPES_H 1
| #define HAVE_SYS_STAT_H 1
| #define HAVE_STDLIB_H 1
| #define HAVE_STRING_H 1
| #define HAVE_MEMORY_H 1
| #define HAVE_STRINGS_H 1
| #define HAVE_INTTYPES_H 1
| #define HAVE_STDINT_H 1
| #define HAVE_UNISTD_H 1
| /* end confdefs.h.  */
| #ifndef __APPLE_CC__
| 	       not a universal capable compiler
| 	     #endif
| 	     typedef int dummy;
| 
configure:3848: gcc -c -g -O2 -Wall  conftest.c >&5
configure:3848: $? = 0
configure:3866: gcc -c -g -O2 -Wall  conftest.c >&5
conftest.c: In function 'main':
conftest.c:26:4: error: unknown type name 'not'; did you mean 'ino_t'?
    not big endian
    ^~~
    ino_t
conftest.c:26:12: error: expected '=', ',', ';', 'asm' or '__attribute__' before 'endian'
    not big endian
            ^~~~~~
configure:3866: $? = 1
configure: failed program was:
| /* confdefs.h */
| #define PACKAGE_NAME "rdesktop"
| #define PACKAGE_TARNAME "rdesktop"
| #define PACKAGE_VERSION "1.8.3"
| #define PACKAGE_STRING "rdesktop 1.8.3"
| #define PACKAGE_BUGREPORT ""
| #define PACKAGE_URL ""
| #define STDC_HEADERS 1
| #define HAVE_SYS_TYPES_H 1
| #define HAVE_SYS_STAT_H 1
| #define HAVE_STDLIB_H 1
| #define HAVE_STRING_H 1
| #define HAVE_MEMORY_H 1
| #define HAVE_STRINGS_H 1
| #define HAVE_INTTYPES_H 1
| #define HAVE_STDINT_H 1
| #define HAVE_UNISTD_H 1
| /* end confdefs.h.  */
| #include <sys/types.h>
| 		#include <sys/param.h>
| 
| int
| main ()
| {
| #if BYTE_ORDER != BIG_ENDIAN
| 		 not big endian
| 		#endif
| 
|   ;
|   return 0;
| }
configure:3994: result: no
configure:4013: checking for X
configure:4121: gcc -E  conftest.c
configure:4121: $? = 0
configure:4152: gcc -o conftest -g -O2 -Wall   conftest.c -lX11  >&5
configure:4152: $? = 0
configure:4202: result: libraries , headers 
configure:4301: gcc -o conftest -g -O2 -Wall   conftest.c   -lX11 >&5
configure:4301: $? = 0
configure:4399: checking for gethostbyname
configure:4399: gcc -o conftest -g -O2 -Wall   conftest.c  >&5
configure:4399: $? = 0
configure:4399: result: yes
configure:4496: checking for connect
configure:4496: gcc -o conftest -g -O2 -Wall   conftest.c  >&5
configure:4496: $? = 0
configure:4496: result: yes
configure:4545: checking for remove
configure:4545: gcc -o conftest -g -O2 -Wall   conftest.c  >&5
configure:4545: $? = 0
configure:4545: result: yes
configure:4594: checking for shmat
configure:4594: gcc -o conftest -g -O2 -Wall   conftest.c  >&5
configure:4594: $? = 0
configure:4594: result: yes
configure:4652: checking for IceConnectionNumber in -lICE
configure:4677: gcc -o conftest -g -O2 -Wall   conftest.c -lICE   >&5
configure:4677: $? = 0
configure:4686: result: yes
configure:4755: checking for pkg-config
configure:4773: found /usr/bin/pkg-config
configure:4785: result: /usr/bin/pkg-config
configure:4808: checking for library containing socket
configure:4839: gcc -o conftest -g -O2 -Wall   conftest.c  >&5
configure:4839: $? = 0
configure:4856: result: none required
configure:4864: checking for library containing inet_aton
configure:4895: gcc -o conftest -g -O2 -Wall   conftest.c  >&5
configure:4895: $? = 0
configure:4912: result: none required
configure:4921: checking sys/select.h usability
configure:4921: gcc -c -g -O2 -Wall  conftest.c >&5
configure:4921: $? = 0
configure:4921: result: yes
configure:4921: checking sys/select.h presence
configure:4921: gcc -E  conftest.c
configure:4921: $? = 0
configure:4921: result: yes
configure:4921: checking for sys/select.h
configure:4921: result: yes
configure:4928: checking sys/modem.h usability
configure:4928: gcc -c -g -O2 -Wall  conftest.c >&5
conftest.c:54:10: fatal error: sys/modem.h: No such file or directory
 #include <sys/modem.h>
          ^~~~~~~~~~~~~
compilation terminated.
configure:4928: $? = 1
configure: failed program was:
| /* confdefs.h */
| #define PACKAGE_NAME "rdesktop"
| #define PACKAGE_TARNAME "rdesktop"
| #define PACKAGE_VERSION "1.8.3"
| #define PACKAGE_STRING "rdesktop 1.8.3"
| #define PACKAGE_BUGREPORT ""
| #define PACKAGE_URL ""
| #define STDC_HEADERS 1
| #define HAVE_SYS_TYPES_H 1
| #define HAVE_SYS_STAT_H 1
| #define HAVE_STDLIB_H 1
| #define HAVE_STRING_H 1
| #define HAVE_MEMORY_H 1
| #define HAVE_STRINGS_H 1
| #define HAVE_INTTYPES_H 1
| #define HAVE_STDINT_H 1
| #define HAVE_UNISTD_H 1
| #define L_ENDIAN 1
| #define HAVE_SYS_SELECT_H 1
| /* end confdefs.h.  */
| #include <stdio.h>
| #ifdef HAVE_SYS_TYPES_H
| # include <sys/types.h>
| #endif
| #ifdef HAVE_SYS_STAT_H
| # include <sys/stat.h>
| #endif
| #ifdef STDC_HEADERS
| # include <stdlib.h>
| # include <stddef.h>
| #else
| # ifdef HAVE_STDLIB_H
| #  include <stdlib.h>
| # endif
| #endif
| #ifdef HAVE_STRING_H
| # if !defined STDC_HEADERS && defined HAVE_MEMORY_H
| #  include <memory.h>
| # endif
| # include <string.h>
| #endif
| #ifdef HAVE_STRINGS_H
| # include <strings.h>
| #endif
| #ifdef HAVE_INTTYPES_H
| # include <inttypes.h>
| #endif
| #ifdef HAVE_STDINT_H
| # include <stdint.h>
| #endif
| #ifdef HAVE_UNISTD_H
| # include <unistd.h>
| #endif
| #include <sys/modem.h>
configure:4928: result: no
configure:4928: checking sys/modem.h presence
configure:4928: gcc -E  conftest.c
conftest.c:21:10: fatal error: sys/modem.h: No such file or directory
 #include <sys/modem.h>
          ^~~~~~~~~~~~~
compilation terminated.
configure:4928: $? = 1
configure: failed program was:
| /* confdefs.h */
| #define PACKAGE_NAME "rdesktop"
| #define PACKAGE_TARNAME "rdesktop"
| #define PACKAGE_VERSION "1.8.3"
| #define PACKAGE_STRING "rdesktop 1.8.3"
| #define PACKAGE_BUGREPORT ""
| #define PACKAGE_URL ""
| #define STDC_HEADERS 1
| #define HAVE_SYS_TYPES_H 1
| #define HAVE_SYS_STAT_H 1
| #define HAVE_STDLIB_H 1
| #define HAVE_STRING_H 1
| #define HAVE_MEMORY_H 1
| #define HAVE_STRINGS_H 1
| #define HAVE_INTTYPES_H 1
| #define HAVE_STDINT_H 1
| #define HAVE_UNISTD_H 1
| #define L_ENDIAN 1
| #define HAVE_SYS_SELECT_H 1
| /* end confdefs.h.  */
| #include <sys/modem.h>
configure:4928: result: no
configure:4928: checking for sys/modem.h
configure:4928: result: no
configure:4935: checking sys/filio.h usability
configure:4935: gcc -c -g -O2 -Wall  conftest.c >&5
conftest.c:54:10: fatal error: sys/filio.h: No such file or directory
 #include <sys/filio.h>
          ^~~~~~~~~~~~~
compilation terminated.
configure:4935: $? = 1
configure: failed program was:
| /* confdefs.h */
| #define PACKAGE_NAME "rdesktop"
| #define PACKAGE_TARNAME "rdesktop"
| #define PACKAGE_VERSION "1.8.3"
| #define PACKAGE_STRING "rdesktop 1.8.3"
| #define PACKAGE_BUGREPORT ""
| #define PACKAGE_URL ""
| #define STDC_HEADERS 1
| #define HAVE_SYS_TYPES_H 1
| #define HAVE_SYS_STAT_H 1
| #define HAVE_STDLIB_H 1
| #define HAVE_STRING_H 1
| #define HAVE_MEMORY_H 1
| #define HAVE_STRINGS_H 1
| #define HAVE_INTTYPES_H 1
| #define HAVE_STDINT_H 1
| #define HAVE_UNISTD_H 1
| #define L_ENDIAN 1
| #define HAVE_SYS_SELECT_H 1
| /* end confdefs.h.  */
| #include <stdio.h>
| #ifdef HAVE_SYS_TYPES_H
| # include <sys/types.h>
| #endif
| #ifdef HAVE_SYS_STAT_H
| # include <sys/stat.h>
| #endif
| #ifdef STDC_HEADERS
| # include <stdlib.h>
| # include <stddef.h>
| #else
| # ifdef HAVE_STDLIB_H
| #  include <stdlib.h>
| # endif
| #endif
| #ifdef HAVE_STRING_H
| # if !defined STDC_HEADERS && defined HAVE_MEMORY_H
| #  include <memory.h>
| # endif
| # include <string.h>
| #endif
| #ifdef HAVE_STRINGS_H
| # include <strings.h>
| #endif
| #ifdef HAVE_INTTYPES_H
| # include <inttypes.h>
| #endif
| #ifdef HAVE_STDINT_H
| # include <stdint.h>
| #endif
| #ifdef HAVE_UNISTD_H
| # include <unistd.h>
| #endif
| #include <sys/filio.h>
configure:4935: result: no
configure:4935: checking sys/filio.h presence
configure:4935: gcc -E  conftest.c
conftest.c:21:10: fatal error: sys/filio.h: No such file or directory
 #include <sys/filio.h>
          ^~~~~~~~~~~~~
compilation terminated.
configure:4935: $? = 1
configure: failed program was:
| /* confdefs.h */
| #define PACKAGE_NAME "rdesktop"
| #define PACKAGE_TARNAME "rdesktop"
| #define PACKAGE_VERSION "1.8.3"
| #define PACKAGE_STRING "rdesktop 1.8.3"
| #define PACKAGE_BUGREPORT ""
| #define PACKAGE_URL ""
| #define STDC_HEADERS 1
| #define HAVE_SYS_TYPES_H 1
| #define HAVE_SYS_STAT_H 1
| #define HAVE_STDLIB_H 1
| #define HAVE_STRING_H 1
| #define HAVE_MEMORY_H 1
| #define HAVE_STRINGS_H 1
| #define HAVE_INTTYPES_H 1
| #define HAVE_STDINT_H 1
| #define HAVE_UNISTD_H 1
| #define L_ENDIAN 1
| #define HAVE_SYS_SELECT_H 1
| /* end confdefs.h.  */
| #include <sys/filio.h>
configure:4935: result: no
configure:4935: checking for sys/filio.h
configure:4935: result: no
configure:4942: checking sys/strtio.h usability
configure:4942: gcc -c -g -O2 -Wall  conftest.c >&5
conftest.c:54:10: fatal error: sys/strtio.h: No such file or directory
 #include <sys/strtio.h>
          ^~~~~~~~~~~~~~
compilation terminated.
configure:4942: $? = 1
configure: failed program was:
| /* confdefs.h */
| #define PACKAGE_NAME "rdesktop"
| #define PACKAGE_TARNAME "rdesktop"
| #define PACKAGE_VERSION "1.8.3"
| #define PACKAGE_STRING "rdesktop 1.8.3"
| #define PACKAGE_BUGREPORT ""
| #define PACKAGE_URL ""
| #define STDC_HEADERS 1
| #define HAVE_SYS_TYPES_H 1
| #define HAVE_SYS_STAT_H 1
| #define HAVE_STDLIB_H 1
| #define HAVE_STRING_H 1
| #define HAVE_MEMORY_H 1
| #define HAVE_STRINGS_H 1
| #define HAVE_INTTYPES_H 1
| #define HAVE_STDINT_H 1
| #define HAVE_UNISTD_H 1
| #define L_ENDIAN 1
| #define HAVE_SYS_SELECT_H 1
| /* end confdefs.h.  */
| #include <stdio.h>
| #ifdef HAVE_SYS_TYPES_H
| # include <sys/types.h>
| #endif
| #ifdef HAVE_SYS_STAT_H
| # include <sys/stat.h>
| #endif
| #ifdef STDC_HEADERS
| # include <stdlib.h>
| # include <stddef.h>
| #else
| # ifdef HAVE_STDLIB_H
| #  include <stdlib.h>
| # endif
| #endif
| #ifdef HAVE_STRING_H
| # if !defined STDC_HEADERS && defined HAVE_MEMORY_H
| #  include <memory.h>
| # endif
| # include <string.h>
| #endif
| #ifdef HAVE_STRINGS_H
| # include <strings.h>
| #endif
| #ifdef HAVE_INTTYPES_H
| # include <inttypes.h>
| #endif
| #ifdef HAVE_STDINT_H
| # include <stdint.h>
| #endif
| #ifdef HAVE_UNISTD_H
| # include <unistd.h>
| #endif
| #include <sys/strtio.h>
configure:4942: result: no
configure:4942: checking sys/strtio.h presence
configure:4942: gcc -E  conftest.c
conftest.c:21:10: fatal error: sys/strtio.h: No such file or directory
 #include <sys/strtio.h>
          ^~~~~~~~~~~~~~
compilation terminated.
configure:4942: $? = 1
configure: failed program was:
| /* confdefs.h */
| #define PACKAGE_NAME "rdesktop"
| #define PACKAGE_TARNAME "rdesktop"
| #define PACKAGE_VERSION "1.8.3"
| #define PACKAGE_STRING "rdesktop 1.8.3"
| #define PACKAGE_BUGREPORT ""
| #define PACKAGE_URL ""
| #define STDC_HEADERS 1
| #define HAVE_SYS_TYPES_H 1
| #define HAVE_SYS_STAT_H 1
| #define HAVE_STDLIB_H 1
| #define HAVE_STRING_H 1
| #define HAVE_MEMORY_H 1
| #define HAVE_STRINGS_H 1
| #define HAVE_INTTYPES_H 1
| #define HAVE_STDINT_H 1
| #define HAVE_UNISTD_H 1
| #define L_ENDIAN 1
| #define HAVE_SYS_SELECT_H 1
| /* end confdefs.h.  */
| #include <sys/strtio.h>
configure:4942: result: no
configure:4942: checking for sys/strtio.h
configure:4942: result: no
configure:4949: checking locale.h usability
configure:4949: gcc -c -g -O2 -Wall  conftest.c >&5
configure:4949: $? = 0
configure:4949: result: yes
configure:4949: checking locale.h presence
configure:4949: gcc -E  conftest.c
configure:4949: $? = 0
configure:4949: result: yes
configure:4949: checking for locale.h
configure:4949: result: yes
configure:4956: checking langinfo.h usability
configure:4956: gcc -c -g -O2 -Wall  conftest.c >&5
configure:4956: $? = 0
configure:4956: result: yes
configure:4956: checking langinfo.h presence
configure:4956: gcc -E  conftest.c
configure:4956: $? = 0
configure:4956: result: yes
configure:4956: checking for langinfo.h
configure:4956: result: yes
configure:4963: checking sysexits.h usability
configure:4963: gcc -c -g -O2 -Wall  conftest.c >&5
configure:4963: $? = 0
configure:4963: result: yes
configure:4963: checking sysexits.h presence
configure:4963: gcc -E  conftest.c
configure:4963: $? = 0
configure:4963: result: yes
configure:4963: checking for sysexits.h
configure:4963: result: yes
configure:5014: checking for strip
configure:5030: found /usr/bin/strip
configure:5041: result: strip
configure:5076: checking for OpenSSL directory
configure:5109: result: /usr
configure:5266: checking for pkg-config
configure:5296: result: /usr/bin/pkg-config
configure:5321: checking pkg-config is at least version 0.9.0
configure:5324: result: yes
configure:5337: checking for GSSGLUE
configure:5344: $PKG_CONFIG --exists --print-errors "libgssglue"
configure:5347: $? = 0
configure:5361: $PKG_CONFIG --exists --print-errors "libgssglue"
configure:5364: $? = 0
configure:5402: result: yes
configure:5439: checking for XRANDR
configure:5446: $PKG_CONFIG --exists --print-errors "xrandr"
Package xrandr was not found in the pkg-config search path.
Perhaps you should add the directory containing `xrandr.pc'
to the PKG_CONFIG_PATH environment variable
No package 'xrandr' found
configure:5449: $? = 1
configure:5463: $PKG_CONFIG --exists --print-errors "xrandr"
Package xrandr was not found in the pkg-config search path.
Perhaps you should add the directory containing `xrandr.pc'
to the PKG_CONFIG_PATH environment variable
No package 'xrandr' found
configure:5466: $? = 1
configure:5480: result: no
No package 'xrandr' found
configure:5666: checking if architecture needs alignment
configure:5691: gcc -o conftest -g -O2 -Wall -I/usr/include -I/usr/include/gssglue   conftest.c -L/usr/lib -L/usr/lib64 -lssl -lcrypto  -lgssglue >&5
configure:5691: $? = 0
configure:5691: ./conftest
configure:5691: $? = 0
configure:5692: result: no
configure:5766: checking sys/soundcard.h usability
configure:5766: gcc -c -g -O2 -Wall -I/usr/include -I/usr/include/gssglue  conftest.c >&5
configure:5766: $? = 0
configure:5766: result: yes
configure:5766: checking sys/soundcard.h presence
configure:5766: gcc -E  conftest.c
configure:5766: $? = 0
configure:5766: result: yes
configure:5766: checking for sys/soundcard.h
configure:5766: result: yes
configure:5774: checking dmedia/audio.h usability
configure:5774: gcc -c -g -O2 -Wall -I/usr/include -I/usr/include/gssglue  conftest.c >&5
conftest.c:60:10: fatal error: dmedia/audio.h: No such file or directory
 #include <dmedia/audio.h>
          ^~~~~~~~~~~~~~~~
compilation terminated.
configure:5774: $? = 1
configure: failed program was:
| /* confdefs.h */
| #define PACKAGE_NAME "rdesktop"
| #define PACKAGE_TARNAME "rdesktop"
| #define PACKAGE_VERSION "1.8.3"
| #define PACKAGE_STRING "rdesktop 1.8.3"
| #define PACKAGE_BUGREPORT ""
| #define PACKAGE_URL ""
| #define STDC_HEADERS 1
| #define HAVE_SYS_TYPES_H 1
| #define HAVE_SYS_STAT_H 1
| #define HAVE_STDLIB_H 1
| #define HAVE_STRING_H 1
| #define HAVE_MEMORY_H 1
| #define HAVE_STRINGS_H 1
| #define HAVE_INTTYPES_H 1
| #define HAVE_STDINT_H 1
| #define HAVE_UNISTD_H 1
| #define L_ENDIAN 1
| #define HAVE_SYS_SELECT_H 1
| #define HAVE_LOCALE_H 1
| #define HAVE_LANGINFO_H 1
| #define HAVE_SYSEXITS_H 1
| #define ssldir "/usr"
| #define WITH_CREDSSP 1
| #define EGD_SOCKET "/var/run/egd-pool"
| /* end confdefs.h.  */
| #include <stdio.h>
| #ifdef HAVE_SYS_TYPES_H
| # include <sys/types.h>
| #endif
| #ifdef HAVE_SYS_STAT_H
| # include <sys/stat.h>
| #endif
| #ifdef STDC_HEADERS
| # include <stdlib.h>
| # include <stddef.h>
| #else
| # ifdef HAVE_STDLIB_H
| #  include <stdlib.h>
| # endif
| #endif
| #ifdef HAVE_STRING_H
| # if !defined STDC_HEADERS && defined HAVE_MEMORY_H
| #  include <memory.h>
| # endif
| # include <string.h>
| #endif
| #ifdef HAVE_STRINGS_H
| # include <strings.h>
| #endif
| #ifdef HAVE_INTTYPES_H
| # include <inttypes.h>
| #endif
| #ifdef HAVE_STDINT_H
| # include <stdint.h>
| #endif
| #ifdef HAVE_UNISTD_H
| # include <unistd.h>
| #endif
| #include <dmedia/audio.h>
configure:5774: result: no
configure:5774: checking dmedia/audio.h presence
configure:5774: gcc -E  conftest.c
conftest.c:27:10: fatal error: dmedia/audio.h: No such file or directory
 #include <dmedia/audio.h>
          ^~~~~~~~~~~~~~~~
compilation terminated.
configure:5774: $? = 1
configure: failed program was:
| /* confdefs.h */
| #define PACKAGE_NAME "rdesktop"
| #define PACKAGE_TARNAME "rdesktop"
| #define PACKAGE_VERSION "1.8.3"
| #define PACKAGE_STRING "rdesktop 1.8.3"
| #define PACKAGE_BUGREPORT ""
| #define PACKAGE_URL ""
| #define STDC_HEADERS 1
| #define HAVE_SYS_TYPES_H 1
| #define HAVE_SYS_STAT_H 1
| #define HAVE_STDLIB_H 1
| #define HAVE_STRING_H 1
| #define HAVE_MEMORY_H 1
| #define HAVE_STRINGS_H 1
| #define HAVE_INTTYPES_H 1
| #define HAVE_STDINT_H 1
| #define HAVE_UNISTD_H 1
| #define L_ENDIAN 1
| #define HAVE_SYS_SELECT_H 1
| #define HAVE_LOCALE_H 1
| #define HAVE_LANGINFO_H 1
| #define HAVE_SYSEXITS_H 1
| #define ssldir "/usr"
| #define WITH_CREDSSP 1
| #define EGD_SOCKET "/var/run/egd-pool"
| /* end confdefs.h.  */
| #include <dmedia/audio.h>
configure:5774: result: no
configure:5774: checking for dmedia/audio.h
configure:5774: result: no
configure:5782: checking sys/audioio.h usability
configure:5782: gcc -c -g -O2 -Wall -I/usr/include -I/usr/include/gssglue  conftest.c >&5
conftest.c:60:10: fatal error: sys/audioio.h: No such file or directory
 #include <sys/audioio.h>
          ^~~~~~~~~~~~~~~
compilation terminated.
configure:5782: $? = 1
configure: failed program was:
| /* confdefs.h */
| #define PACKAGE_NAME "rdesktop"
| #define PACKAGE_TARNAME "rdesktop"
| #define PACKAGE_VERSION "1.8.3"
| #define PACKAGE_STRING "rdesktop 1.8.3"
| #define PACKAGE_BUGREPORT ""
| #define PACKAGE_URL ""
| #define STDC_HEADERS 1
| #define HAVE_SYS_TYPES_H 1
| #define HAVE_SYS_STAT_H 1
| #define HAVE_STDLIB_H 1
| #define HAVE_STRING_H 1
| #define HAVE_MEMORY_H 1
| #define HAVE_STRINGS_H 1
| #define HAVE_INTTYPES_H 1
| #define HAVE_STDINT_H 1
| #define HAVE_UNISTD_H 1
| #define L_ENDIAN 1
| #define HAVE_SYS_SELECT_H 1
| #define HAVE_LOCALE_H 1
| #define HAVE_LANGINFO_H 1
| #define HAVE_SYSEXITS_H 1
| #define ssldir "/usr"
| #define WITH_CREDSSP 1
| #define EGD_SOCKET "/var/run/egd-pool"
| /* end confdefs.h.  */
| #include <stdio.h>
| #ifdef HAVE_SYS_TYPES_H
| # include <sys/types.h>
| #endif
| #ifdef HAVE_SYS_STAT_H
| # include <sys/stat.h>
| #endif
| #ifdef STDC_HEADERS
| # include <stdlib.h>
| # include <stddef.h>
| #else
| # ifdef HAVE_STDLIB_H
| #  include <stdlib.h>
| # endif
| #endif
| #ifdef HAVE_STRING_H
| # if !defined STDC_HEADERS && defined HAVE_MEMORY_H
| #  include <memory.h>
| # endif
| # include <string.h>
| #endif
| #ifdef HAVE_STRINGS_H
| # include <strings.h>
| #endif
| #ifdef HAVE_INTTYPES_H
| # include <inttypes.h>
| #endif
| #ifdef HAVE_STDINT_H
| # include <stdint.h>
| #endif
| #ifdef HAVE_UNISTD_H
| # include <unistd.h>
| #endif
| #include <sys/audioio.h>
configure:5782: result: no
configure:5782: checking sys/audioio.h presence
configure:5782: gcc -E  conftest.c
conftest.c:27:10: fatal error: sys/audioio.h: No such file or directory
 #include <sys/audioio.h>
          ^~~~~~~~~~~~~~~
compilation terminated.
configure:5782: $? = 1
configure: failed program was:
| /* confdefs.h */
| #define PACKAGE_NAME "rdesktop"
| #define PACKAGE_TARNAME "rdesktop"
| #define PACKAGE_VERSION "1.8.3"
| #define PACKAGE_STRING "rdesktop 1.8.3"
| #define PACKAGE_BUGREPORT ""
| #define PACKAGE_URL ""
| #define STDC_HEADERS 1
| #define HAVE_SYS_TYPES_H 1
| #define HAVE_SYS_STAT_H 1
| #define HAVE_STDLIB_H 1
| #define HAVE_STRING_H 1
| #define HAVE_MEMORY_H 1
| #define HAVE_STRINGS_H 1
| #define HAVE_INTTYPES_H 1
| #define HAVE_STDINT_H 1
| #define HAVE_UNISTD_H 1
| #define L_ENDIAN 1
| #define HAVE_SYS_SELECT_H 1
| #define HAVE_LOCALE_H 1
| #define HAVE_LANGINFO_H 1
| #define HAVE_SYSEXITS_H 1
| #define ssldir "/usr"
| #define WITH_CREDSSP 1
| #define EGD_SOCKET "/var/run/egd-pool"
| /* end confdefs.h.  */
| #include <sys/audioio.h>
configure:5782: result: no
configure:5782: checking for sys/audioio.h
configure:5782: result: no
configure:5802: checking for LIBAO
configure:5809: $PKG_CONFIG --exists --print-errors "ao"
Package ao was not found in the pkg-config search path.
Perhaps you should add the directory containing `ao.pc'
to the PKG_CONFIG_PATH environment variable
No package 'ao' found
configure:5812: $? = 1
configure:5826: $PKG_CONFIG --exists --print-errors "ao"
Package ao was not found in the pkg-config search path.
Perhaps you should add the directory containing `ao.pc'
to the PKG_CONFIG_PATH environment variable
No package 'ao' found
configure:5829: $? = 1
configure:5843: result: no
No package 'ao' found
configure:5873: checking for ALSA
configure:5880: $PKG_CONFIG --exists --print-errors "alsa"
Package alsa was not found in the pkg-config search path.
Perhaps you should add the directory containing `alsa.pc'
to the PKG_CONFIG_PATH environment variable
No package 'alsa' found
configure:5883: $? = 1
configure:5897: $PKG_CONFIG --exists --print-errors "alsa"
Package alsa was not found in the pkg-config search path.
Perhaps you should add the directory containing `alsa.pc'
to the PKG_CONFIG_PATH environment variable
No package 'alsa' found
configure:5900: $? = 1
configure:5914: result: no
No package 'alsa' found
configure:5944: checking for LIBSAMPLERATE
configure:5951: $PKG_CONFIG --exists --print-errors "samplerate"
Package samplerate was not found in the pkg-config search path.
Perhaps you should add the directory containing `samplerate.pc'
to the PKG_CONFIG_PATH environment variable
No package 'samplerate' found
configure:5954: $? = 1
configure:5968: $PKG_CONFIG --exists --print-errors "samplerate"
Package samplerate was not found in the pkg-config search path.
Perhaps you should add the directory containing `samplerate.pc'
to the PKG_CONFIG_PATH environment variable
No package 'samplerate' found
configure:5971: $? = 1
configure:5985: result: no
No package 'samplerate' found
configure:6150: checking for dirent.h that defines DIR
configure:6169: gcc -c -g -O2 -Wall -I/usr/include -I/usr/include/gssglue   conftest.c >&5
configure:6169: $? = 0
configure:6177: result: yes
configure:6190: checking for library containing opendir
configure:6221: gcc -o conftest -g -O2 -Wall -I/usr/include -I/usr/include/gssglue    conftest.c -L/usr/lib -L/usr/lib64 -lssl -lcrypto  -lgssglue  >&5
configure:6221: $? = 0
configure:6238: result: none required
configure:6323: checking for dirfd
configure:6323: gcc -o conftest -g -O2 -Wall -I/usr/include -I/usr/include/gssglue    conftest.c -L/usr/lib -L/usr/lib64 -lssl -lcrypto  -lgssglue  >&5
configure:6323: $? = 0
configure:6323: result: yes
configure:6332: checking whether dirfd is declared
configure:6332: gcc -c -g -O2 -Wall -I/usr/include -I/usr/include/gssglue   conftest.c >&5
configure:6332: $? = 0
configure:6332: result: yes
configure:6345: checking whether dirfd is a macro
configure:6366: result: no
configure:6456: checking iconv.h usability
configure:6456: gcc -c -g -O2 -Wall -I/usr/include -I/usr/include/gssglue   conftest.c >&5
configure:6456: $? = 0
configure:6456: result: yes
configure:6456: checking iconv.h presence
configure:6456: gcc -E  conftest.c
configure:6456: $? = 0
configure:6456: result: yes
configure:6456: checking for iconv.h
configure:6456: result: yes
configure:6464: checking for iconv
configure:6486: gcc -o conftest -g -O2 -Wall -I/usr/include -I/usr/include/gssglue    conftest.c -L/usr/lib -L/usr/lib64 -lssl -lcrypto  -lgssglue  >&5
configure:6486: $? = 0
configure:6518: result: yes
configure:6524: checking for iconv declaration
configure:6553: gcc -c -g -O2 -Wall -I/usr/include -I/usr/include/gssglue   conftest.c >&5
configure:6553: $? = 0
configure:6564: result: 
         extern size_t iconv (iconv_t cd, char * *inbuf, size_t *inbytesleft, char * *outbuf, size_t *outbytesleft);
configure:6588: checking for socklen_t
configure:6588: gcc -c -g -O2 -Wall -I/usr/include -I/usr/include/gssglue   conftest.c >&5
configure:6588: $? = 0
configure:6588: gcc -c -g -O2 -Wall -I/usr/include -I/usr/include/gssglue   conftest.c >&5
conftest.c: In function 'main':
conftest.c:41:24: error: expected expression before ')' token
 if (sizeof ((socklen_t)))
                        ^
configure:6588: $? = 1
configure: failed program was:
| /* confdefs.h */
| #define PACKAGE_NAME "rdesktop"
| #define PACKAGE_TARNAME "rdesktop"
| #define PACKAGE_VERSION "1.8.3"
| #define PACKAGE_STRING "rdesktop 1.8.3"
| #define PACKAGE_BUGREPORT ""
| #define PACKAGE_URL ""
| #define STDC_HEADERS 1
| #define HAVE_SYS_TYPES_H 1
| #define HAVE_SYS_STAT_H 1
| #define HAVE_STDLIB_H 1
| #define HAVE_STRING_H 1
| #define HAVE_MEMORY_H 1
| #define HAVE_STRINGS_H 1
| #define HAVE_INTTYPES_H 1
| #define HAVE_STDINT_H 1
| #define HAVE_UNISTD_H 1
| #define L_ENDIAN 1
| #define HAVE_SYS_SELECT_H 1
| #define HAVE_LOCALE_H 1
| #define HAVE_LANGINFO_H 1
| #define HAVE_SYSEXITS_H 1
| #define ssldir "/usr"
| #define WITH_CREDSSP 1
| #define EGD_SOCKET "/var/run/egd-pool"
| #define WITH_RDPSND 1
| #define RDPSND_OSS 1
| #define HAVE_DIRENT_H 1
| #define HAVE_DIRFD 1
| #define HAVE_DECL_DIRFD 1
| #define HAVE_ICONV_H 1
| #define HAVE_ICONV 1
| #define ICONV_CONST 
| /* end confdefs.h.  */
| #include <sys/types.h>
| #include <sys/socket.h>
| 
| int
| main ()
| {
| if (sizeof ((socklen_t)))
| 	    return 0;
|   ;
|   return 0;
| }
configure:6588: result: yes
configure:6657: checking sys/vfs.h usability
configure:6657: gcc -c -g -O2 -Wall -I/usr/include -I/usr/include/gssglue   conftest.c >&5
configure:6657: $? = 0
configure:6657: result: yes
configure:6657: checking sys/vfs.h presence
configure:6657: gcc -E  conftest.c
configure:6657: $? = 0
configure:6657: result: yes
configure:6657: checking for sys/vfs.h
configure:6657: result: yes
configure:6669: checking sys/statvfs.h usability
configure:6669: gcc -c -g -O2 -Wall -I/usr/include -I/usr/include/gssglue   conftest.c >&5
configure:6669: $? = 0
configure:6669: result: yes
configure:6669: checking sys/statvfs.h presence
configure:6669: gcc -E  conftest.c
configure:6669: $? = 0
configure:6669: result: yes
configure:6669: checking for sys/statvfs.h
configure:6669: result: yes
configure:6681: checking sys/statfs.h usability
configure:6681: gcc -c -g -O2 -Wall -I/usr/include -I/usr/include/gssglue   conftest.c >&5
configure:6681: $? = 0
configure:6681: result: yes
configure:6681: checking sys/statfs.h presence
configure:6681: gcc -E  conftest.c
configure:6681: $? = 0
configure:6681: result: yes
configure:6681: checking for sys/statfs.h
configure:6681: result: yes
configure:6693: checking sys/param.h usability
configure:6693: gcc -c -g -O2 -Wall -I/usr/include -I/usr/include/gssglue   conftest.c >&5
configure:6693: $? = 0
configure:6693: result: yes
configure:6693: checking sys/param.h presence
configure:6693: gcc -E  conftest.c
configure:6693: $? = 0
configure:6693: result: yes
configure:6693: checking for sys/param.h
configure:6693: result: yes
configure:6713: checking for sys/mount.h
configure:6713: gcc -c -g -O2 -Wall -I/usr/include -I/usr/include/gssglue   conftest.c >&5
configure:6713: $? = 0
configure:6713: result: yes
configure:6727: checking how to get filesystem space usage...
configure:6734: checking statvfs64 function (SVR4)
configure:6756: gcc -o conftest -g -O2 -Wall -I/usr/include -I/usr/include/gssglue    conftest.c -L/usr/lib -L/usr/lib64 -lssl -lcrypto  -lgssglue   >&5
conftest.c:46:3: warning: return type defaults to 'int' [-Wimplicit-int]
   main ()
   ^~~~
conftest.c: In function 'main':
conftest.c:48:22: error: storage size of 'fsd' isn't known
     struct statvfs64 fsd;
                      ^~~
conftest.c:49:5: warning: implicit declaration of function 'exit' [-Wimplicit-function-declaration]
     exit (statvfs64 (".", &fsd));
     ^~~~
conftest.c:49:5: warning: incompatible implicit declaration of built-in function 'exit'
conftest.c:49:5: note: include '<stdlib.h>' or provide a declaration of 'exit'
conftest.c:49:11: warning: implicit declaration of function 'statvfs64'; did you mean 'statvfs'? [-Wimplicit-function-declaration]
     exit (statvfs64 (".", &fsd));
           ^~~~~~~~~
           statvfs
conftest.c:48:22: warning: unused variable 'fsd' [-Wunused-variable]
     struct statvfs64 fsd;
                      ^~~
configure:6756: $? = 1
configure: program exited with status 1
configure: failed program was:
| /* confdefs.h */
| #define PACKAGE_NAME "rdesktop"
| #define PACKAGE_TARNAME "rdesktop"
| #define PACKAGE_VERSION "1.8.3"
| #define PACKAGE_STRING "rdesktop 1.8.3"
| #define PACKAGE_BUGREPORT ""
| #define PACKAGE_URL ""
| #define STDC_HEADERS 1
| #define HAVE_SYS_TYPES_H 1
| #define HAVE_SYS_STAT_H 1
| #define HAVE_STDLIB_H 1
| #define HAVE_STRING_H 1
| #define HAVE_MEMORY_H 1
| #define HAVE_STRINGS_H 1
| #define HAVE_INTTYPES_H 1
| #define HAVE_STDINT_H 1
| #define HAVE_UNISTD_H 1
| #define L_ENDIAN 1
| #define HAVE_SYS_SELECT_H 1
| #define HAVE_LOCALE_H 1
| #define HAVE_LANGINFO_H 1
| #define HAVE_SYSEXITS_H 1
| #define ssldir "/usr"
| #define WITH_CREDSSP 1
| #define EGD_SOCKET "/var/run/egd-pool"
| #define WITH_RDPSND 1
| #define RDPSND_OSS 1
| #define HAVE_DIRENT_H 1
| #define HAVE_DIRFD 1
| #define HAVE_DECL_DIRFD 1
| #define HAVE_ICONV_H 1
| #define HAVE_ICONV 1
| #define ICONV_CONST 
| #define HAVE_SYS_VFS_H 1
| #define HAVE_SYS_STATVFS_H 1
| #define HAVE_SYS_STATFS_H 1
| #define HAVE_SYS_PARAM_H 1
| #define HAVE_SYS_MOUNT_H 1
| /* end confdefs.h.  */
| 
| #if defined(HAVE_UNISTD_H)
| #include <unistd.h>
| #endif
| #include <sys/types.h>
| #include <sys/statvfs.h>
|   main ()
|   {
|     struct statvfs64 fsd;
|     exit (statvfs64 (".", &fsd));
|   }
configure:6766: result: no
configure:6784: checking statvfs function (SVR4)
configure:6801: gcc -o conftest -g -O2 -Wall -I/usr/include -I/usr/include/gssglue    conftest.c -L/usr/lib -L/usr/lib64 -lssl -lcrypto  -lgssglue   >&5
conftest.c: In function 'main':
conftest.c:45:21: warning: null argument where non-null required (argument 1) [-Wnonnull]
 struct statvfs fsd; statvfs (0, &fsd);
                     ^~~~~~~
configure:6801: $? = 0
configure:6809: result: yes
configure:7075: checking for struct statfs.f_namemax
configure:7075: gcc -c -g -O2 -Wall -I/usr/include -I/usr/include/gssglue   conftest.c >&5
conftest.c: In function 'main':
conftest.c:98:13: error: 'struct statfs' has no member named 'f_namemax'; did you mean 'f_namelen'?
 if (ac_aggr.f_namemax)
             ^~~~~~~~~
             f_namelen
conftest.c:97:22: warning: variable 'ac_aggr' set but not used [-Wunused-but-set-variable]
 static struct statfs ac_aggr;
                      ^~~~~~~
configure:7075: $? = 1
configure: failed program was:
| /* confdefs.h */
| #define PACKAGE_NAME "rdesktop"
| #define PACKAGE_TARNAME "rdesktop"
| #define PACKAGE_VERSION "1.8.3"
| #define PACKAGE_STRING "rdesktop 1.8.3"
| #define PACKAGE_BUGREPORT ""
| #define PACKAGE_URL ""
| #define STDC_HEADERS 1
| #define HAVE_SYS_TYPES_H 1
| #define HAVE_SYS_STAT_H 1
| #define HAVE_STDLIB_H 1
| #define HAVE_STRING_H 1
| #define HAVE_MEMORY_H 1
| #define HAVE_STRINGS_H 1
| #define HAVE_INTTYPES_H 1
| #define HAVE_STDINT_H 1
| #define HAVE_UNISTD_H 1
| #define L_ENDIAN 1
| #define HAVE_SYS_SELECT_H 1
| #define HAVE_LOCALE_H 1
| #define HAVE_LANGINFO_H 1
| #define HAVE_SYSEXITS_H 1
| #define ssldir "/usr"
| #define WITH_CREDSSP 1
| #define EGD_SOCKET "/var/run/egd-pool"
| #define WITH_RDPSND 1
| #define RDPSND_OSS 1
| #define HAVE_DIRENT_H 1
| #define HAVE_DIRFD 1
| #define HAVE_DECL_DIRFD 1
| #define HAVE_ICONV_H 1
| #define HAVE_ICONV 1
| #define ICONV_CONST 
| #define HAVE_SYS_VFS_H 1
| #define HAVE_SYS_STATVFS_H 1
| #define HAVE_SYS_STATFS_H 1
| #define HAVE_SYS_PARAM_H 1
| #define HAVE_SYS_MOUNT_H 1
| #define STAT_STATVFS 1
| /* end confdefs.h.  */
| #include <stdio.h>
| #ifdef HAVE_SYS_TYPES_H
| # include <sys/types.h>
| #endif
| #ifdef HAVE_SYS_STAT_H
| # include <sys/stat.h>
| #endif
| #ifdef STDC_HEADERS
| # include <stdlib.h>
| # include <stddef.h>
| #else
| # ifdef HAVE_STDLIB_H
| #  include <stdlib.h>
| # endif
| #endif
| #ifdef HAVE_STRING_H
| # if !defined STDC_HEADERS && defined HAVE_MEMORY_H
| #  include <memory.h>
| # endif
| # include <string.h>
| #endif
| #ifdef HAVE_STRINGS_H
| # include <strings.h>
| #endif
| #ifdef HAVE_INTTYPES_H
| # include <inttypes.h>
| #endif
| #ifdef HAVE_STDINT_H
| # include <stdint.h>
| #endif
| #ifdef HAVE_UNISTD_H
| # include <unistd.h>
| #endif
| #if HAVE_SYS_STATVFS_H
| # include <sys/statvfs.h>
| #endif
| #if HAVE_SYS_VFS_H
| # include <sys/vfs.h>
| #endif
| #if !HAVE_SYS_STATVFS_H && !HAVE_SYS_VFS_H
| # if HAVE_SYS_MOUNT_H && HAVE_SYS_PARAM_H
| /* NetBSD 1.5.2 needs these, for the declaration of struct statfs. */
| #  include <sys/param.h>
| #  include <sys/mount.h>
| # elif HAVE_NETINET_IN_H && HAVE_NFS_NFS_CLNT_H && HAVE_NFS_VFS_H
| /* Ultrix 4.4 needs these for the declaration of struct statfs.  */
| #  include <netinet/in.h>
| #  include <nfs/nfs_clnt.h>
| #  include <nfs/vfs.h>
| # endif
| #endif
| 
| 
| int
| main ()
| {
| static struct statfs ac_aggr;
| if (ac_aggr.f_namemax)
| return 0;
|   ;
|   return 0;
| }
configure:7075: gcc -c -g -O2 -Wall -I/usr/include -I/usr/include/gssglue   conftest.c >&5
conftest.c: In function 'main':
conftest.c:98:20: error: 'struct statfs' has no member named 'f_namemax'; did you mean 'f_namelen'?
 if (sizeof ac_aggr.f_namemax)
                    ^~~~~~~~~
                    f_namelen
conftest.c:97:22: warning: variable 'ac_aggr' set but not used [-Wunused-but-set-variable]
 static struct statfs ac_aggr;
                      ^~~~~~~
configure:7075: $? = 1
configure: failed program was:
| /* confdefs.h */
| #define PACKAGE_NAME "rdesktop"
| #define PACKAGE_TARNAME "rdesktop"
| #define PACKAGE_VERSION "1.8.3"
| #define PACKAGE_STRING "rdesktop 1.8.3"
| #define PACKAGE_BUGREPORT ""
| #define PACKAGE_URL ""
| #define STDC_HEADERS 1
| #define HAVE_SYS_TYPES_H 1
| #define HAVE_SYS_STAT_H 1
| #define HAVE_STDLIB_H 1
| #define HAVE_STRING_H 1
| #define HAVE_MEMORY_H 1
| #define HAVE_STRINGS_H 1
| #define HAVE_INTTYPES_H 1
| #define HAVE_STDINT_H 1
| #define HAVE_UNISTD_H 1
| #define L_ENDIAN 1
| #define HAVE_SYS_SELECT_H 1
| #define HAVE_LOCALE_H 1
| #define HAVE_LANGINFO_H 1
| #define HAVE_SYSEXITS_H 1
| #define ssldir "/usr"
| #define WITH_CREDSSP 1
| #define EGD_SOCKET "/var/run/egd-pool"
| #define WITH_RDPSND 1
| #define RDPSND_OSS 1
| #define HAVE_DIRENT_H 1
| #define HAVE_DIRFD 1
| #define HAVE_DECL_DIRFD 1
| #define HAVE_ICONV_H 1
| #define HAVE_ICONV 1
| #define ICONV_CONST 
| #define HAVE_SYS_VFS_H 1
| #define HAVE_SYS_STATVFS_H 1
| #define HAVE_SYS_STATFS_H 1
| #define HAVE_SYS_PARAM_H 1
| #define HAVE_SYS_MOUNT_H 1
| #define STAT_STATVFS 1
| /* end confdefs.h.  */
| #include <stdio.h>
| #ifdef HAVE_SYS_TYPES_H
| # include <sys/types.h>
| #endif
| #ifdef HAVE_SYS_STAT_H
| # include <sys/stat.h>
| #endif
| #ifdef STDC_HEADERS
| # include <stdlib.h>
| # include <stddef.h>
| #else
| # ifdef HAVE_STDLIB_H
| #  include <stdlib.h>
| # endif
| #endif
| #ifdef HAVE_STRING_H
| # if !defined STDC_HEADERS && defined HAVE_MEMORY_H
| #  include <memory.h>
| # endif
| # include <string.h>
| #endif
| #ifdef HAVE_STRINGS_H
| # include <strings.h>
| #endif
| #ifdef HAVE_INTTYPES_H
| # include <inttypes.h>
| #endif
| #ifdef HAVE_STDINT_H
| # include <stdint.h>
| #endif
| #ifdef HAVE_UNISTD_H
| # include <unistd.h>
| #endif
| #if HAVE_SYS_STATVFS_H
| # include <sys/statvfs.h>
| #endif
| #if HAVE_SYS_VFS_H
| # include <sys/vfs.h>
| #endif
| #if !HAVE_SYS_STATVFS_H && !HAVE_SYS_VFS_H
| # if HAVE_SYS_MOUNT_H && HAVE_SYS_PARAM_H
| /* NetBSD 1.5.2 needs these, for the declaration of struct statfs. */
| #  include <sys/param.h>
| #  include <sys/mount.h>
| # elif HAVE_NETINET_IN_H && HAVE_NFS_NFS_CLNT_H && HAVE_NFS_VFS_H
| /* Ultrix 4.4 needs these for the declaration of struct statfs.  */
| #  include <netinet/in.h>
| #  include <nfs/nfs_clnt.h>
| #  include <nfs/vfs.h>
| # endif
| #endif
| 
| 
| int
| main ()
| {
| static struct statfs ac_aggr;
| if (sizeof ac_aggr.f_namemax)
| return 0;
|   ;
|   return 0;
| }
configure:7075: result: no
configure:7086: checking for struct statvfs.f_namemax
configure:7086: gcc -c -g -O2 -Wall -I/usr/include -I/usr/include/gssglue   conftest.c >&5
configure:7086: $? = 0
configure:7086: result: yes
configure:7097: checking for struct statfs.f_namelen
configure:7097: gcc -c -g -O2 -Wall -I/usr/include -I/usr/include/gssglue   conftest.c >&5
configure:7097: $? = 0
configure:7097: result: yes
configure:7108: checking for struct statvfs.f_namelen
configure:7108: gcc -c -g -O2 -Wall -I/usr/include -I/usr/include/gssglue   conftest.c >&5
conftest.c: In function 'main':
conftest.c:100:13: error: 'struct statvfs' has no member named 'f_namelen'; did you mean 'f_namemax'?
 if (ac_aggr.f_namelen)
             ^~~~~~~~~
             f_namemax
conftest.c:99:23: warning: variable 'ac_aggr' set but not used [-Wunused-but-set-variable]
 static struct statvfs ac_aggr;
                       ^~~~~~~
configure:7108: $? = 1
configure: failed program was:
| /* confdefs.h */
| #define PACKAGE_NAME "rdesktop"
| #define PACKAGE_TARNAME "rdesktop"
| #define PACKAGE_VERSION "1.8.3"
| #define PACKAGE_STRING "rdesktop 1.8.3"
| #define PACKAGE_BUGREPORT ""
| #define PACKAGE_URL ""
| #define STDC_HEADERS 1
| #define HAVE_SYS_TYPES_H 1
| #define HAVE_SYS_STAT_H 1
| #define HAVE_STDLIB_H 1
| #define HAVE_STRING_H 1
| #define HAVE_MEMORY_H 1
| #define HAVE_STRINGS_H 1
| #define HAVE_INTTYPES_H 1
| #define HAVE_STDINT_H 1
| #define HAVE_UNISTD_H 1
| #define L_ENDIAN 1
| #define HAVE_SYS_SELECT_H 1
| #define HAVE_LOCALE_H 1
| #define HAVE_LANGINFO_H 1
| #define HAVE_SYSEXITS_H 1
| #define ssldir "/usr"
| #define WITH_CREDSSP 1
| #define EGD_SOCKET "/var/run/egd-pool"
| #define WITH_RDPSND 1
| #define RDPSND_OSS 1
| #define HAVE_DIRENT_H 1
| #define HAVE_DIRFD 1
| #define HAVE_DECL_DIRFD 1
| #define HAVE_ICONV_H 1
| #define HAVE_ICONV 1
| #define ICONV_CONST 
| #define HAVE_SYS_VFS_H 1
| #define HAVE_SYS_STATVFS_H 1
| #define HAVE_SYS_STATFS_H 1
| #define HAVE_SYS_PARAM_H 1
| #define HAVE_SYS_MOUNT_H 1
| #define STAT_STATVFS 1
| #define HAVE_STRUCT_STATVFS_F_NAMEMAX 1
| #define HAVE_STRUCT_STATFS_F_NAMELEN 1
| /* end confdefs.h.  */
| #include <stdio.h>
| #ifdef HAVE_SYS_TYPES_H
| # include <sys/types.h>
| #endif
| #ifdef HAVE_SYS_STAT_H
| # include <sys/stat.h>
| #endif
| #ifdef STDC_HEADERS
| # include <stdlib.h>
| # include <stddef.h>
| #else
| # ifdef HAVE_STDLIB_H
| #  include <stdlib.h>
| # endif
| #endif
| #ifdef HAVE_STRING_H
| # if !defined STDC_HEADERS && defined HAVE_MEMORY_H
| #  include <memory.h>
| # endif
| # include <string.h>
| #endif
| #ifdef HAVE_STRINGS_H
| # include <strings.h>
| #endif
| #ifdef HAVE_INTTYPES_H
| # include <inttypes.h>
| #endif
| #ifdef HAVE_STDINT_H
| # include <stdint.h>
| #endif
| #ifdef HAVE_UNISTD_H
| # include <unistd.h>
| #endif
| #if HAVE_SYS_STATVFS_H
| # include <sys/statvfs.h>
| #endif
| #if HAVE_SYS_VFS_H
| # include <sys/vfs.h>
| #endif
| #if !HAVE_SYS_STATVFS_H && !HAVE_SYS_VFS_H
| # if HAVE_SYS_MOUNT_H && HAVE_SYS_PARAM_H
| /* NetBSD 1.5.2 needs these, for the declaration of struct statfs. */
| #  include <sys/param.h>
| #  include <sys/mount.h>
| # elif HAVE_NETINET_IN_H && HAVE_NFS_NFS_CLNT_H && HAVE_NFS_VFS_H
| /* Ultrix 4.4 needs these for the declaration of struct statfs.  */
| #  include <netinet/in.h>
| #  include <nfs/nfs_clnt.h>
| #  include <nfs/vfs.h>
| # endif
| #endif
| 
| 
| int
| main ()
| {
| static struct statvfs ac_aggr;
| if (ac_aggr.f_namelen)
| return 0;
|   ;
|   return 0;
| }
configure:7108: gcc -c -g -O2 -Wall -I/usr/include -I/usr/include/gssglue   conftest.c >&5
conftest.c: In function 'main':
conftest.c:100:20: error: 'struct statvfs' has no member named 'f_namelen'; did you mean 'f_namemax'?
 if (sizeof ac_aggr.f_namelen)
                    ^~~~~~~~~
                    f_namemax
conftest.c:99:23: warning: variable 'ac_aggr' set but not used [-Wunused-but-set-variable]
 static struct statvfs ac_aggr;
                       ^~~~~~~
configure:7108: $? = 1
configure: failed program was:
| /* confdefs.h */
| #define PACKAGE_NAME "rdesktop"
| #define PACKAGE_TARNAME "rdesktop"
| #define PACKAGE_VERSION "1.8.3"
| #define PACKAGE_STRING "rdesktop 1.8.3"
| #define PACKAGE_BUGREPORT ""
| #define PACKAGE_URL ""
| #define STDC_HEADERS 1
| #define HAVE_SYS_TYPES_H 1
| #define HAVE_SYS_STAT_H 1
| #define HAVE_STDLIB_H 1
| #define HAVE_STRING_H 1
| #define HAVE_MEMORY_H 1
| #define HAVE_STRINGS_H 1
| #define HAVE_INTTYPES_H 1
| #define HAVE_STDINT_H 1
| #define HAVE_UNISTD_H 1
| #define L_ENDIAN 1
| #define HAVE_SYS_SELECT_H 1
| #define HAVE_LOCALE_H 1
| #define HAVE_LANGINFO_H 1
| #define HAVE_SYSEXITS_H 1
| #define ssldir "/usr"
| #define WITH_CREDSSP 1
| #define EGD_SOCKET "/var/run/egd-pool"
| #define WITH_RDPSND 1
| #define RDPSND_OSS 1
| #define HAVE_DIRENT_H 1
| #define HAVE_DIRFD 1
| #define HAVE_DECL_DIRFD 1
| #define HAVE_ICONV_H 1
| #define HAVE_ICONV 1
| #define ICONV_CONST 
| #define HAVE_SYS_VFS_H 1
| #define HAVE_SYS_STATVFS_H 1
| #define HAVE_SYS_STATFS_H 1
| #define HAVE_SYS_PARAM_H 1
| #define HAVE_SYS_MOUNT_H 1
| #define STAT_STATVFS 1
| #define HAVE_STRUCT_STATVFS_F_NAMEMAX 1
| #define HAVE_STRUCT_STATFS_F_NAMELEN 1
| /* end confdefs.h.  */
| #include <stdio.h>
| #ifdef HAVE_SYS_TYPES_H
| # include <sys/types.h>
| #endif
| #ifdef HAVE_SYS_STAT_H
| # include <sys/stat.h>
| #endif
| #ifdef STDC_HEADERS
| # include <stdlib.h>
| # include <stddef.h>
| #else
| # ifdef HAVE_STDLIB_H
| #  include <stdlib.h>
| # endif
| #endif
| #ifdef HAVE_STRING_H
| # if !defined STDC_HEADERS && defined HAVE_MEMORY_H
| #  include <memory.h>
| # endif
| # include <string.h>
| #endif
| #ifdef HAVE_STRINGS_H
| # include <strings.h>
| #endif
| #ifdef HAVE_INTTYPES_H
| # include <inttypes.h>
| #endif
| #ifdef HAVE_STDINT_H
| # include <stdint.h>
| #endif
| #ifdef HAVE_UNISTD_H
| # include <unistd.h>
| #endif
| #if HAVE_SYS_STATVFS_H
| # include <sys/statvfs.h>
| #endif
| #if HAVE_SYS_VFS_H
| # include <sys/vfs.h>
| #endif
| #if !HAVE_SYS_STATVFS_H && !HAVE_SYS_VFS_H
| # if HAVE_SYS_MOUNT_H && HAVE_SYS_PARAM_H
| /* NetBSD 1.5.2 needs these, for the declaration of struct statfs. */
| #  include <sys/param.h>
| #  include <sys/mount.h>
| # elif HAVE_NETINET_IN_H && HAVE_NFS_NFS_CLNT_H && HAVE_NFS_VFS_H
| /* Ultrix 4.4 needs these for the declaration of struct statfs.  */
| #  include <netinet/in.h>
| #  include <nfs/nfs_clnt.h>
| #  include <nfs/vfs.h>
| # endif
| #endif
| 
| 
| int
| main ()
| {
| static struct statvfs ac_aggr;
| if (sizeof ac_aggr.f_namelen)
| return 0;
|   ;
|   return 0;
| }
configure:7108: result: no
configure:7130: checking for special C compiler options needed for large files
configure:7175: result: no
configure:7181: checking for _FILE_OFFSET_BITS value needed for large files
configure:7206: gcc -c -g -O2 -Wall -I/usr/include -I/usr/include/gssglue   conftest.c >&5
configure:7206: $? = 0
configure:7238: result: no
configure:7327: checking mntent.h usability
configure:7327: gcc -c -g -O2 -Wall -I/usr/include -I/usr/include/gssglue   conftest.c >&5
configure:7327: $? = 0
configure:7327: result: yes
configure:7327: checking mntent.h presence
configure:7327: gcc -E  conftest.c
configure:7327: $? = 0
configure:7327: result: yes
configure:7327: checking for mntent.h
configure:7327: result: yes
configure:7336: checking for setmntent
configure:7336: gcc -o conftest -g -O2 -Wall -I/usr/include -I/usr/include/gssglue    conftest.c -L/usr/lib -L/usr/lib64 -lssl -lcrypto  -lgssglue   >&5
configure:7336: $? = 0
configure:7336: result: yes
configure:7653: creating ./config.status

## ---------------------- ##
## Running config.status. ##
## ---------------------- ##

This file was extended by rdesktop config.status 1.8.3, which was
generated by GNU Autoconf 2.69.  Invocation command line was

  CONFIG_FILES    = 
  CONFIG_HEADERS  = 
  CONFIG_LINKS    = 
  CONFIG_COMMANDS = 
  $ ./config.status 

on Redteam

config.status:769: creating Makefile

## ---------------- ##
## Cache variables. ##
## ---------------- ##

ac_cv_build=x86_64-unknown-linux-gnu
ac_cv_c_bigendian=no
ac_cv_c_compiler_gnu=yes
ac_cv_env_ALSA_CFLAGS_set=
ac_cv_env_ALSA_CFLAGS_value=
ac_cv_env_ALSA_LIBS_set=
ac_cv_env_ALSA_LIBS_value=
ac_cv_env_CC_set=
ac_cv_env_CC_value=
ac_cv_env_CFLAGS_set=
ac_cv_env_CFLAGS_value=
ac_cv_env_CPPFLAGS_set=
ac_cv_env_CPPFLAGS_value=
ac_cv_env_CPP_set=
ac_cv_env_CPP_value=
ac_cv_env_GSSGLUE_CFLAGS_set=
ac_cv_env_GSSGLUE_CFLAGS_value=
ac_cv_env_GSSGLUE_LIBS_set=
ac_cv_env_GSSGLUE_LIBS_value=
ac_cv_env_LDFLAGS_set=
ac_cv_env_LDFLAGS_value=
ac_cv_env_LIBAO_CFLAGS_set=
ac_cv_env_LIBAO_CFLAGS_value=
ac_cv_env_LIBAO_LIBS_set=
ac_cv_env_LIBAO_LIBS_value=
ac_cv_env_LIBSAMPLERATE_CFLAGS_set=
ac_cv_env_LIBSAMPLERATE_CFLAGS_value=
ac_cv_env_LIBSAMPLERATE_LIBS_set=
ac_cv_env_LIBSAMPLERATE_LIBS_value=
ac_cv_env_LIBS_set=
ac_cv_env_LIBS_value=
ac_cv_env_PCSCLITE_CFLAGS_set=
ac_cv_env_PCSCLITE_CFLAGS_value=
ac_cv_env_PCSCLITE_LIBS_set=
ac_cv_env_PCSCLITE_LIBS_value=
ac_cv_env_PKG_CONFIG_LIBDIR_set=
ac_cv_env_PKG_CONFIG_LIBDIR_value=
ac_cv_env_PKG_CONFIG_PATH_set=
ac_cv_env_PKG_CONFIG_PATH_value=
ac_cv_env_PKG_CONFIG_set=
ac_cv_env_PKG_CONFIG_value=
ac_cv_env_XMKMF_set=
ac_cv_env_XMKMF_value=
ac_cv_env_XRANDR_CFLAGS_set=
ac_cv_env_XRANDR_CFLAGS_value=
ac_cv_env_XRANDR_LIBS_set=
ac_cv_env_XRANDR_LIBS_value=
ac_cv_env_build_alias_set=
ac_cv_env_build_alias_value=
ac_cv_env_host_alias_set=
ac_cv_env_host_alias_value=
ac_cv_env_target_alias_set=
ac_cv_env_target_alias_value=
ac_cv_func_connect=yes
ac_cv_func_dirfd=yes
ac_cv_func_gethostbyname=yes
ac_cv_func_remove=yes
ac_cv_func_setmntent=yes
ac_cv_func_shmat=yes
ac_cv_have_decl_dirfd=yes
ac_cv_have_x='have_x=yes	ac_x_includes='\'''\''	ac_x_libraries='\'''\'''
ac_cv_header_dirent_dirent_h=yes
ac_cv_header_dmedia_audio_h=no
ac_cv_header_iconv_h=yes
ac_cv_header_inttypes_h=yes
ac_cv_header_langinfo_h=yes
ac_cv_header_locale_h=yes
ac_cv_header_memory_h=yes
ac_cv_header_mntent_h=yes
ac_cv_header_stdc=yes
ac_cv_header_stdint_h=yes
ac_cv_header_stdlib_h=yes
ac_cv_header_string_h=yes
ac_cv_header_strings_h=yes
ac_cv_header_sys_audioio_h=no
ac_cv_header_sys_filio_h=no
ac_cv_header_sys_modem_h=no
ac_cv_header_sys_mount_h=yes
ac_cv_header_sys_param_h=yes
ac_cv_header_sys_select_h=yes
ac_cv_header_sys_soundcard_h=yes
ac_cv_header_sys_stat_h=yes
ac_cv_header_sys_statfs_h=yes
ac_cv_header_sys_statvfs_h=yes
ac_cv_header_sys_strtio_h=no
ac_cv_header_sys_types_h=yes
ac_cv_header_sys_vfs_h=yes
ac_cv_header_sysexits_h=yes
ac_cv_header_unistd_h=yes
ac_cv_host=x86_64-unknown-linux-gnu
ac_cv_lib_ICE_IceConnectionNumber=yes
ac_cv_member_struct_statfs_f_namelen=yes
ac_cv_member_struct_statfs_f_namemax=no
ac_cv_member_struct_statvfs_f_namelen=no
ac_cv_member_struct_statvfs_f_namemax=yes
ac_cv_objext=o
ac_cv_path_EGREP='/bin/grep -E'
ac_cv_path_GREP=/bin/grep
ac_cv_path_ac_pt_PKG_CONFIG=/usr/bin/pkg-config
ac_cv_path_install='/usr/bin/install -c'
ac_cv_prog_CPP='gcc -E'
ac_cv_prog_ac_ct_CC=gcc
ac_cv_prog_ac_ct_STRIP=strip
ac_cv_prog_cc_c89=
ac_cv_prog_cc_g=yes
ac_cv_search_inet_aton='none required'
ac_cv_search_opendir='none required'
ac_cv_search_socket='none required'
ac_cv_sys_file_offset_bits=no
ac_cv_sys_largefile_CC=no
ac_cv_type_socklen_t=yes
am_cv_func_iconv=yes
am_cv_lib_iconv=no
am_cv_proto_iconv='extern size_t iconv (iconv_t cd, char * *inbuf, size_t *inbytesleft, char * *outbuf, size_t *outbytesleft);'
am_cv_proto_iconv_arg1=
fu_cv_sys_stat_statvfs64=no
fu_cv_sys_stat_statvfs=yes
jm_cv_func_dirfd_macro=no
pkg_cv_GSSGLUE_CFLAGS=-I/usr/include/gssglue
pkg_cv_GSSGLUE_LIBS='-lgssglue -ldl'

## ----------------- ##
## Output variables. ##
## ----------------- ##

ALSA_CFLAGS=''
ALSA_LIBS=''
CC='gcc'
CFLAGS='-g -O2 -Wall -I/usr/include -I/usr/include/gssglue '
CPP='gcc -E'
CPPFLAGS=''
CREDSSPOBJ='cssp.o'
DEFS='-DPACKAGE_NAME=\"rdesktop\" -DPACKAGE_TARNAME=\"rdesktop\" -DPACKAGE_VERSION=\"1.8.3\" -DPACKAGE_STRING=\"rdesktop\ 1.8.3\" -DPACKAGE_BUGREPORT=\"\" -DPACKAGE_URL=\"\" -DSTDC_HEADERS=1 -DHAVE_SYS_TYPES_H=1 -DHAVE_SYS_STAT_H=1 -DHAVE_STDLIB_H=1 -DHAVE_STRING_H=1 -DHAVE_MEMORY_H=1 -DHAVE_STRINGS_H=1 -DHAVE_INTTYPES_H=1 -DHAVE_STDINT_H=1 -DHAVE_UNISTD_H=1 -DL_ENDIAN=1 -DHAVE_SYS_SELECT_H=1 -DHAVE_LOCALE_H=1 -DHAVE_LANGINFO_H=1 -DHAVE_SYSEXITS_H=1 -Dssldir=\"/usr\" -DWITH_CREDSSP=1 -DEGD_SOCKET=\"/var/run/egd-pool\" -DWITH_RDPSND=1 -DRDPSND_OSS=1 -DHAVE_DIRENT_H=1 -DHAVE_DIRFD=1 -DHAVE_DECL_DIRFD=1 -DHAVE_ICONV_H=1 -DHAVE_ICONV=1 -DICONV_CONST= -DHAVE_SYS_VFS_H=1 -DHAVE_SYS_STATVFS_H=1 -DHAVE_SYS_STATFS_H=1 -DHAVE_SYS_PARAM_H=1 -DHAVE_SYS_MOUNT_H=1 -DSTAT_STATVFS=1 -DHAVE_STRUCT_STATVFS_F_NAMEMAX=1 -DHAVE_STRUCT_STATFS_F_NAMELEN=1 -DHAVE_MNTENT_H=1 -DHAVE_SETMNTENT=1'
ECHO_C=''
ECHO_N='-n'
ECHO_T=''
EGREP='/bin/grep -E'
EXEEXT=''
GREP='/bin/grep'
GSSGLUE_CFLAGS='-I/usr/include/gssglue'
GSSGLUE_LIBS='-lgssglue -ldl'
INSTALL_DATA='${INSTALL} -m 644'
INSTALL_PROGRAM='${INSTALL}'
INSTALL_SCRIPT='${INSTALL}'
LDFLAGS=''
LDVNC=''
LIBAO_CFLAGS=''
LIBAO_LIBS=''
LIBICONV=''
LIBOBJS=''
LIBS='-L/usr/lib -L/usr/lib64 -lssl -lcrypto  -lgssglue  '
LIBSAMPLERATE_CFLAGS=''
LIBSAMPLERATE_LIBS=''
LTLIBOBJS=''
OBJEXT='o'
PACKAGE_BUGREPORT=''
PACKAGE_NAME='rdesktop'
PACKAGE_STRING='rdesktop 1.8.3'
PACKAGE_TARNAME='rdesktop'
PACKAGE_URL=''
PACKAGE_VERSION='1.8.3'
PATH_SEPARATOR=':'
PCSCLITE_CFLAGS=''
PCSCLITE_LIBS=''
PKG_CONFIG='/usr/bin/pkg-config'
PKG_CONFIG_LIBDIR=''
PKG_CONFIG_PATH=''
RDP2VNCTARGET=''
SCARDOBJ=''
SHELL='/bin/bash'
SOUNDOBJ=' rdpsnd.o rdpsnd_dsp.o rdpsnd_oss.o'
STRIP='strip'
VNCINC=''
VNCLINK=''
XMKMF=''
XRANDR_CFLAGS=''
XRANDR_LIBS=''
X_CFLAGS=''
X_EXTRA_LIBS=''
X_LIBS=''
X_PRE_LIBS=' -lSM -lICE'
ac_ct_CC='gcc'
bindir='${exec_prefix}/bin'
build='x86_64-unknown-linux-gnu'
build_alias=''
build_cpu='x86_64'
build_os='linux-gnu'
build_vendor='unknown'
datadir='${datarootdir}'
datarootdir='${prefix}/share'
docdir='${datarootdir}/doc/${PACKAGE_TARNAME}'
dvidir='${docdir}'
exec_prefix='${prefix}'
host='x86_64-unknown-linux-gnu'
host_alias=''
host_cpu='x86_64'
host_os='linux-gnu'
host_vendor='unknown'
htmldir='${docdir}'
includedir='${prefix}/include'
infodir='${datarootdir}/info'
libdir='${exec_prefix}/lib'
libexecdir='${exec_prefix}/libexec'
localedir='${datarootdir}/locale'
localstatedir='${prefix}/var'
mandir='${datarootdir}/man'
oldincludedir='/usr/include'
pdfdir='${docdir}'
prefix='/usr/local'
program_transform_name='s,x,x,'
psdir='${docdir}'
runstatedir='${localstatedir}/run'
sbindir='${exec_prefix}/sbin'
sharedstatedir='${prefix}/com'
ssldir='/usr'
sysconfdir='${prefix}/etc'
target_alias=''

## ----------- ##
## confdefs.h. ##
## ----------- ##

/* confdefs.h */
#define PACKAGE_NAME "rdesktop"
#define PACKAGE_TARNAME "rdesktop"
#define PACKAGE_VERSION "1.8.3"
#define PACKAGE_STRING "rdesktop 1.8.3"
#define PACKAGE_BUGREPORT ""
#define PACKAGE_URL ""
#define STDC_HEADERS 1
#define HAVE_SYS_TYPES_H 1
#define HAVE_SYS_STAT_H 1
#define HAVE_STDLIB_H 1
#define HAVE_STRING_H 1
#define HAVE_MEMORY_H 1
#define HAVE_STRINGS_H 1
#define HAVE_INTTYPES_H 1
#define HAVE_STDINT_H 1
#define HAVE_UNISTD_H 1
#define L_ENDIAN 1
#define HAVE_SYS_SELECT_H 1
#define HAVE_LOCALE_H 1
#define HAVE_LANGINFO_H 1
#define HAVE_SYSEXITS_H 1
#define ssldir "/usr"
#define WITH_CREDSSP 1
#define EGD_SOCKET "/var/run/egd-pool"
#define WITH_RDPSND 1
#define RDPSND_OSS 1
#define HAVE_DIRENT_H 1
#define HAVE_DIRFD 1
#define HAVE_DECL_DIRFD 1
#define HAVE_ICONV_H 1
#define HAVE_ICONV 1
#define ICONV_CONST 
#define HAVE_SYS_VFS_H 1
#define HAVE_SYS_STATVFS_H 1
#define HAVE_SYS_STATFS_H 1
#define HAVE_SYS_PARAM_H 1
#define HAVE_SYS_MOUNT_H 1
#define STAT_STATVFS 1
#define HAVE_STRUCT_STATVFS_F_NAMEMAX 1
#define HAVE_STRUCT_STATFS_F_NAMELEN 1
#define HAVE_MNTENT_H 1
#define HAVE_SETMNTENT 1

configure: exit 0
